<?xml version="1.0" encoding="UTF-8"?>
<!-- Generated by org.testng.reporters.JUnitXMLReporter -->
<testsuite hostname="KARMA" ignored="5" tests="0" failures="0" timestamp="2020-12-28T17:37:41 CST" time="0.222" errors="0">
  <testcase name="test1" time="0.0" classname="com.testng.ignoringtests.IgnoringTestsAtTestMethodLevelDemo">
    <ignored/>
  </testcase> <!-- test1 -->
  <testcase name="test2" time="0.0" classname="com.testng.ignoringtests.IgnoringTestAtClassLevel">
    <ignored/>
  </testcase> <!-- test2 -->
  <testcase name="test2" time="0.0" classname="com.testng.ignoringtests.IgnoringTestsAtTestMethodLevelDemo">
    <ignored/>
  </testcase> <!-- test2 -->
  <testcase name="test1" time="0.0" classname="com.testng.ignoringtests.IgnoringTestAtClassLevel">
    <ignored/>
  </testcase> <!-- test1 -->
  <testcase name="test3" time="0.0" classname="com.testng.ignoringtests.IgnoringTestsAtTestMethodLevelDemo">
    <ignored/>
  </testcase> <!-- test3 -->
</testsuite>
