<?xml version="1.0" encoding="UTF-8"?>
<!-- Generated by org.testng.reporters.JUnitXMLReporter -->
<testsuite hostname="KARMA" ignored="0" name="dependsOnGroups Tests" tests="3" failures="0" timestamp="2020-12-27T16:01:41 CST" time="0.308" errors="0">
  <testcase name="c1m2" time="0.077" classname="testngannotations.TestClass1"/>
  <testcase name="class1Test" time="0.003" classname="testngannotations.TestClass1"/>
  <testcase name="class2Test" time="0.007" classname="testngannotations.TestClass2"/>
</testsuite> <!-- dependsOnGroups Tests -->
