<?xml version="1.0" encoding="UTF-8"?>
<!-- Generated by org.testng.reporters.JUnitXMLReporter -->
<testsuite hostname="KARMA" ignored="0" name="PriorityDemo tests" tests="6" failures="0" timestamp="2020-12-27T17:58:56 CST" time="0.319" errors="0">
  <testcase name="m3" time="0.077" classname="org.testngpriority.PriorityDemo1"/>
  <testcase name="m2" time="0.003" classname="org.testngpriority.PriorityDemo1"/>
  <testcase name="m1" time="0.003" classname="org.testngpriority.PriorityDemo1"/>
  <testcase name="m1" time="0.002" classname="org.testngpriority.PriorityDemo2"/>
  <testcase name="m2" time="0.006" classname="org.testngpriority.PriorityDemo2"/>
  <testcase name="m3" time="0.005" classname="org.testngpriority.PriorityDemo2"/>
</testsuite> <!-- PriorityDemo tests -->
