<?xml version="1.0" encoding="UTF-8"?>
<!-- Generated by org.testng.reporters.JUnitXMLReporter -->
<testsuite hostname="KARMA" ignored="1" name="TestClass2 Page Tests" tests="2" failures="0" timestamp="2020-12-27T12:16:36 CST" time="0.293" errors="0">
  <testcase name="class1Test" time="0.016" classname="testngannotations.TestClass1"/>
  <testcase name="class2Test" time="0.01" classname="testngannotations.TestClass2"/>
  <testcase name="c1m2" time="0.0" classname="testngannotations.TestClass1">
    <ignored/>
  </testcase> <!-- c1m2 -->
</testsuite> <!-- TestClass2 Page Tests -->
