<?xml version="1.0" encoding="UTF-8"?>
<!-- Generated by org.testng.reporters.JUnitXMLReporter -->
<testsuite hostname="KARMA" ignored="4" name="Rerunning failed tests(failed)" tests="2" failures="0" timestamp="2020-12-28T19:04:46 CST" time="0.323" errors="0">
  <testcase name="test4" time="0.09" classname="org.testng.rerunningfailedtests.RerunFailedTestClass2"/>
  <testcase name="test2" time="0.002" classname="org.testng.rerunningfailedtests.RerunFailedTestsFromResults"/>
  <testcase name="test5" time="0.0" classname="org.testng.rerunningfailedtests.RerunFailedTestClass2">
    <ignored/>
  </testcase> <!-- test5 -->
  <testcase name="test1" time="0.0" classname="org.testng.rerunningfailedtests.RerunFailedTestsFromResults">
    <ignored/>
  </testcase> <!-- test1 -->
  <testcase name="test3" time="0.0" classname="org.testng.rerunningfailedtests.RerunFailedTestsFromResults">
    <ignored/>
  </testcase> <!-- test3 -->
  <testcase name="test6" time="0.0" classname="org.testng.rerunningfailedtests.RerunFailedTestClass2">
    <ignored/>
  </testcase> <!-- test6 -->
</testsuite> <!-- Rerunning failed tests(failed) -->
