<?xml version="1.0" encoding="UTF-8"?>
<!-- Generated by org.testng.reporters.JUnitXMLReporter -->
<testsuite hostname="KARMA" ignored="2" name="Default test(failed)(failed)" tests="1" failures="0" timestamp="2020-12-28T18:52:59 CST" time="0.317" errors="0">
  <testcase name="test2" time="0.084" classname="org.testng.rerunningfailedtests.RerunFailedTestsFromResults"/>
  <testcase name="test1" time="0.0" classname="org.testng.rerunningfailedtests.RerunFailedTestsFromResults">
    <ignored/>
  </testcase> <!-- test1 -->
  <testcase name="test3" time="0.0" classname="org.testng.rerunningfailedtests.RerunFailedTestsFromResults">
    <ignored/>
  </testcase> <!-- test3 -->
</testsuite> <!-- Default test(failed)(failed) -->
