<?xml version="1.0" encoding="UTF-8"?>
<!-- Generated by org.testng.reporters.JUnitXMLReporter -->
<testsuite hostname="KARMA" ignored="2" name="IncludeExcludeMethod tests" tests="1" failures="0" timestamp="28 Dec 2020 02:04:57 GMT" time="0.329" errors="0">
  <testcase name="m2Test" time="0.084" classname="org.testng.includemethodsexcludemethods.IncludeMethods"/>
  <testcase name="m3Test" time="0.0" classname="org.testng.includemethodsexcludemethods.IncludeMethods">
    <ignored/>
  </testcase> <!-- m3Test -->
  <testcase name="m1Test" time="0.0" classname="org.testng.includemethodsexcludemethods.IncludeMethods">
    <ignored/>
  </testcase> <!-- m1Test -->
</testsuite> <!-- IncludeExcludeMethod tests -->
