<?xml version="1.0" encoding="UTF-8"?>
<!-- Generated by org.testng.reporters.JUnitXMLReporter -->
<testsuite hostname="KARMA" ignored="2" name="Exclude Broken Groups tests" tests="2" failures="0" timestamp="2020-12-28T12:20:20 CST" time="0.313" errors="0">
  <testcase name="test1" time="0.09" classname="org.testng.exclusiongroups.ExcludeGroupsDemo"/>
  <testcase name="test3" time="0.003" classname="org.testng.exclusiongroups.ExcludeGroupsDemo"/>
  <testcase name="test4" time="0.0" classname="org.testng.exclusiongroups.ExcludeGroupsDemo">
    <ignored/>
  </testcase> <!-- test4 -->
  <testcase name="test2" time="0.0" classname="org.testng.exclusiongroups.ExcludeGroupsDemo">
    <ignored/>
  </testcase> <!-- test2 -->
</testsuite> <!-- Exclude Broken Groups tests -->
