<?xml version="1.0" encoding="UTF-8"?>
<!-- Generated by org.testng.reporters.JUnitXMLReporter -->
<testsuite hostname="KARMA" ignored="2" name="IncludeExcludeMethod tests" tests="1" failures="0" timestamp="2020-12-27T19:51:58 CST" time="0.326" errors="0">
  <testcase name="m2Test" time="0.082" classname="org.testng.includemethodsexcludemethods.IncludeMethods"/>
  <testcase name="m3Test" time="0.0" classname="org.testng.includemethodsexcludemethods.IncludeMethods">
    <ignored/>
  </testcase> <!-- m3Test -->
  <testcase name="m1Test" time="0.0" classname="org.testng.includemethodsexcludemethods.IncludeMethods">
    <ignored/>
  </testcase> <!-- m1Test -->
</testsuite> <!-- IncludeExcludeMethod tests -->
