<?xml version="1.0" encoding="UTF-8"?>
<!-- Generated by org.testng.reporters.JUnitXMLReporter -->
<testsuite hostname="KARMA" ignored="0" name="TestMethodReturnValue tests" tests="2" failures="0" timestamp="2020-12-28T11:46:20 CST" time="0.299" errors="0">
  <testcase name="returnMethod" time="0.079" classname="org.testng.allowreturnvalues.AllowReturnValuesTrue"/>
  <testcase name="nonReturnMethod" time="0.002" classname="org.testng.allowreturnvalues.AllowReturnValuesTrue"/>
</testsuite> <!-- TestMethodReturnValue tests -->
