<?xml version="1.0" encoding="UTF-8"?>
<!-- Generated by org.testng.reporters.JUnitXMLReporter -->
<testsuite hostname="KARMA" ignored="0" name="TestMethodReturnValue tests" tests="2" failures="0" timestamp="2021-05-19T13:07:11 CDT" time="0.357" errors="0">
  <testcase name="returnMethod" time="0.098" classname="org.testng.allowreturnvalues.AllowReturnValuesTrue"/>
  <testcase name="nonReturnMethod" time="0.004" classname="org.testng.allowreturnvalues.AllowReturnValuesTrue"/>
</testsuite> <!-- TestMethodReturnValue tests -->
