<?xml version="1.0" encoding="UTF-8"?>
<testng-results skipped="0" failed="0" ignored="0" total="2" passed="2">
  <reporter-output>
  </reporter-output>
  <suite name="AllowReturnValues Test Suite" duration-ms="357" started-at="2021-05-19T13:07:11 CDT" finished-at="2021-05-19T13:07:11 CDT">
    <groups>
    </groups>
    <test name="TestMethodReturnValue tests" duration-ms="357" started-at="2021-05-19T13:07:11 CDT" finished-at="2021-05-19T13:07:11 CDT">
      <class name="org.testng.allowreturnvalues.AllowReturnValuesTrue">
        <test-method status="PASS" signature="returnMethod()[pri:1, instance:org.testng.allowreturnvalues.AllowReturnValuesTrue@303e3593]" name="returnMethod" duration-ms="98" started-at="2021-05-19T13:07:11 CDT" finished-at="2021-05-19T13:07:11 CDT">
          <reporter-output>
          </reporter-output>
        </test-method> <!-- returnMethod -->
        <test-method status="PASS" signature="nonReturnMethod()[pri:2, instance:org.testng.allowreturnvalues.AllowReturnValuesTrue@303e3593]" name="nonReturnMethod" duration-ms="4" started-at="2021-05-19T13:07:11 CDT" finished-at="2021-05-19T13:07:11 CDT">
          <reporter-output>
          </reporter-output>
        </test-method> <!-- nonReturnMethod -->
      </class> <!-- org.testng.allowreturnvalues.AllowReturnValuesTrue -->
    </test> <!-- TestMethodReturnValue tests -->
  </suite> <!-- AllowReturnValues Test Suite -->
</testng-results>
